2025-04-09 01:12:16,063 | INFO | TradingLogger initialized
2025-04-09 01:12:17,722 | INFO | METRIC training_start=1
2025-04-09 01:12:17,722 | ERROR | ERROR in system_run: Observation space must contain 'market' and 'portfolio' keys
Traceback (most recent call last):
  File "/Users/benjaminigbokwe/projects/qprotraderV4/core/system.py", line 33, in run
    self._train()
  File "/Users/benjaminigbokwe/projects/qprotraderV4/core/system.py", line 55, in _train
    model1 = InstitutionalPPO(env)
  File "/Users/benjaminigbokwe/projects/qprotraderV4/core/agents/ppo_agent.py", line 59, in __init__
    super().__init__(
  File "/Users/benjaminigbokwe/projects/qprotraderV4/myenv/lib/python3.9/site-packages/stable_baselines3/ppo/ppo.py", line 171, in __init__
    self._setup_model()
  File "/Users/benjaminigbokwe/projects/qprotraderV4/myenv/lib/python3.9/site-packages/stable_baselines3/ppo/ppo.py", line 174, in _setup_model
    super()._setup_model()
  File "/Users/benjaminigbokwe/projects/qprotraderV4/myenv/lib/python3.9/site-packages/stable_baselines3/common/on_policy_algorithm.py", line 133, in _setup_model
    self.policy = self.policy_class(  # type: ignore[assignment]
  File "/Users/benjaminigbokwe/projects/qprotraderV4/myenv/lib/python3.9/site-packages/stable_baselines3/common/policies.py", line 889, in __init__
    super().__init__(
  File "/Users/benjaminigbokwe/projects/qprotraderV4/myenv/lib/python3.9/site-packages/stable_baselines3/common/policies.py", line 505, in __init__
    self.features_extractor = self.make_features_extractor()
  File "/Users/benjaminigbokwe/projects/qprotraderV4/myenv/lib/python3.9/site-packages/stable_baselines3/common/policies.py", line 120, in make_features_extractor
    return self.features_extractor_class(self.observation_space, **self.features_extractor_kwargs)
  File "/Users/benjaminigbokwe/projects/qprotraderV4/core/agents/ppo_agent.py", line 110, in __init__
    raise ValueError("Observation space must contain 'market' and 'portfolio' keys")
ValueError: Observation space must contain 'market' and 'portfolio' keys
2025-04-09 01:13:51,199 | INFO | TradingLogger initialized
2025-04-09 01:13:51,240 | INFO | METRIC training_start=1
2025-04-09 01:13:51,241 | ERROR | ERROR in system_run: Observation space must contain 'market' and 'portfolio' keys
Traceback (most recent call last):
  File "/Users/benjaminigbokwe/projects/qprotraderV4/core/system.py", line 33, in run
    self._train()
  File "/Users/benjaminigbokwe/projects/qprotraderV4/core/system.py", line 55, in _train
    model1 = InstitutionalPPO(env)
  File "/Users/benjaminigbokwe/projects/qprotraderV4/core/agents/ppo_agent.py", line 59, in __init__
    super().__init__(
  File "/Users/benjaminigbokwe/projects/qprotraderV4/myenv/lib/python3.9/site-packages/stable_baselines3/ppo/ppo.py", line 171, in __init__
    self._setup_model()
  File "/Users/benjaminigbokwe/projects/qprotraderV4/myenv/lib/python3.9/site-packages/stable_baselines3/ppo/ppo.py", line 174, in _setup_model
    super()._setup_model()
  File "/Users/benjaminigbokwe/projects/qprotraderV4/myenv/lib/python3.9/site-packages/stable_baselines3/common/on_policy_algorithm.py", line 133, in _setup_model
    self.policy = self.policy_class(  # type: ignore[assignment]
  File "/Users/benjaminigbokwe/projects/qprotraderV4/myenv/lib/python3.9/site-packages/stable_baselines3/common/policies.py", line 889, in __init__
    super().__init__(
  File "/Users/benjaminigbokwe/projects/qprotraderV4/myenv/lib/python3.9/site-packages/stable_baselines3/common/policies.py", line 505, in __init__
    self.features_extractor = self.make_features_extractor()
  File "/Users/benjaminigbokwe/projects/qprotraderV4/myenv/lib/python3.9/site-packages/stable_baselines3/common/policies.py", line 120, in make_features_extractor
    return self.features_extractor_class(self.observation_space, **self.features_extractor_kwargs)
  File "/Users/benjaminigbokwe/projects/qprotraderV4/core/agents/ppo_agent.py", line 112, in __init__
    raise ValueError("Observation space must contain 'market' and 'portfolio' keys")
ValueError: Observation space must contain 'market' and 'portfolio' keys
2025-04-09 01:14:44,007 | INFO | TradingLogger initialized
2025-04-09 01:14:44,042 | INFO | METRIC training_start=1
2025-04-09 01:14:44,043 | ERROR | ERROR in system_run: Observation space must contain 'market' and 'portfolio' keys
Traceback (most recent call last):
  File "/Users/benjaminigbokwe/projects/qprotraderV4/core/system.py", line 33, in run
    self._train()
  File "/Users/benjaminigbokwe/projects/qprotraderV4/core/system.py", line 55, in _train
    model1 = InstitutionalPPO(env)
  File "/Users/benjaminigbokwe/projects/qprotraderV4/core/agents/ppo_agent.py", line 59, in __init__
    super().__init__(
  File "/Users/benjaminigbokwe/projects/qprotraderV4/myenv/lib/python3.9/site-packages/stable_baselines3/ppo/ppo.py", line 171, in __init__
    self._setup_model()
  File "/Users/benjaminigbokwe/projects/qprotraderV4/myenv/lib/python3.9/site-packages/stable_baselines3/ppo/ppo.py", line 174, in _setup_model
    super()._setup_model()
  File "/Users/benjaminigbokwe/projects/qprotraderV4/myenv/lib/python3.9/site-packages/stable_baselines3/common/on_policy_algorithm.py", line 133, in _setup_model
    self.policy = self.policy_class(  # type: ignore[assignment]
  File "/Users/benjaminigbokwe/projects/qprotraderV4/myenv/lib/python3.9/site-packages/stable_baselines3/common/policies.py", line 889, in __init__
    super().__init__(
  File "/Users/benjaminigbokwe/projects/qprotraderV4/myenv/lib/python3.9/site-packages/stable_baselines3/common/policies.py", line 505, in __init__
    self.features_extractor = self.make_features_extractor()
  File "/Users/benjaminigbokwe/projects/qprotraderV4/myenv/lib/python3.9/site-packages/stable_baselines3/common/policies.py", line 120, in make_features_extractor
    return self.features_extractor_class(self.observation_space, **self.features_extractor_kwargs)
  File "/Users/benjaminigbokwe/projects/qprotraderV4/core/agents/ppo_agent.py", line 112, in __init__
    raise ValueError("Observation space must contain 'market' and 'portfolio' keys")
ValueError: Observation space must contain 'market' and 'portfolio' keys
2025-04-09 01:15:13,935 | INFO | TradingLogger initialized
2025-04-09 01:15:13,969 | INFO | METRIC training_start=1
2025-04-09 01:15:13,970 | ERROR | ERROR in system_run: Observation space must contain 'market' and 'portfolio' keys
Traceback (most recent call last):
  File "/Users/benjaminigbokwe/projects/qprotraderV4/core/system.py", line 33, in run
    self._train()
  File "/Users/benjaminigbokwe/projects/qprotraderV4/core/system.py", line 55, in _train
    model1 = InstitutionalPPO(env)
  File "/Users/benjaminigbokwe/projects/qprotraderV4/core/agents/ppo_agent.py", line 59, in __init__
    super().__init__(
  File "/Users/benjaminigbokwe/projects/qprotraderV4/myenv/lib/python3.9/site-packages/stable_baselines3/ppo/ppo.py", line 171, in __init__
    self._setup_model()
  File "/Users/benjaminigbokwe/projects/qprotraderV4/myenv/lib/python3.9/site-packages/stable_baselines3/ppo/ppo.py", line 174, in _setup_model
    super()._setup_model()
  File "/Users/benjaminigbokwe/projects/qprotraderV4/myenv/lib/python3.9/site-packages/stable_baselines3/common/on_policy_algorithm.py", line 133, in _setup_model
    self.policy = self.policy_class(  # type: ignore[assignment]
  File "/Users/benjaminigbokwe/projects/qprotraderV4/myenv/lib/python3.9/site-packages/stable_baselines3/common/policies.py", line 889, in __init__
    super().__init__(
  File "/Users/benjaminigbokwe/projects/qprotraderV4/myenv/lib/python3.9/site-packages/stable_baselines3/common/policies.py", line 505, in __init__
    self.features_extractor = self.make_features_extractor()
  File "/Users/benjaminigbokwe/projects/qprotraderV4/myenv/lib/python3.9/site-packages/stable_baselines3/common/policies.py", line 120, in make_features_extractor
    return self.features_extractor_class(self.observation_space, **self.features_extractor_kwargs)
  File "/Users/benjaminigbokwe/projects/qprotraderV4/core/agents/ppo_agent.py", line 112, in __init__
    raise ValueError("Observation space must contain 'market' and 'portfolio' keys")
ValueError: Observation space must contain 'market' and 'portfolio' keys
2025-04-09 01:15:43,266 | INFO | TradingLogger initialized
2025-04-09 01:15:43,303 | INFO | METRIC training_start=1
2025-04-09 01:15:43,304 | ERROR | ERROR in system_run: Observation space must contain 'market' and 'portfolio' keys
Traceback (most recent call last):
  File "/Users/benjaminigbokwe/projects/qprotraderV4/core/system.py", line 33, in run
    self._train()
  File "/Users/benjaminigbokwe/projects/qprotraderV4/core/system.py", line 55, in _train
    model1 = InstitutionalPPO(env)
  File "/Users/benjaminigbokwe/projects/qprotraderV4/core/agents/ppo_agent.py", line 59, in __init__
    super().__init__(
  File "/Users/benjaminigbokwe/projects/qprotraderV4/myenv/lib/python3.9/site-packages/stable_baselines3/ppo/ppo.py", line 171, in __init__
    self._setup_model()
  File "/Users/benjaminigbokwe/projects/qprotraderV4/myenv/lib/python3.9/site-packages/stable_baselines3/ppo/ppo.py", line 174, in _setup_model
    super()._setup_model()
  File "/Users/benjaminigbokwe/projects/qprotraderV4/myenv/lib/python3.9/site-packages/stable_baselines3/common/on_policy_algorithm.py", line 133, in _setup_model
    self.policy = self.policy_class(  # type: ignore[assignment]
  File "/Users/benjaminigbokwe/projects/qprotraderV4/myenv/lib/python3.9/site-packages/stable_baselines3/common/policies.py", line 889, in __init__
    super().__init__(
  File "/Users/benjaminigbokwe/projects/qprotraderV4/myenv/lib/python3.9/site-packages/stable_baselines3/common/policies.py", line 505, in __init__
    self.features_extractor = self.make_features_extractor()
  File "/Users/benjaminigbokwe/projects/qprotraderV4/myenv/lib/python3.9/site-packages/stable_baselines3/common/policies.py", line 120, in make_features_extractor
    return self.features_extractor_class(self.observation_space, **self.features_extractor_kwargs)
  File "/Users/benjaminigbokwe/projects/qprotraderV4/core/agents/ppo_agent.py", line 112, in __init__
    raise ValueError("Observation space must contain 'market' and 'portfolio' keys")
ValueError: Observation space must contain 'market' and 'portfolio' keys
2025-04-09 01:16:35,976 | INFO | TradingLogger initialized
2025-04-09 01:16:36,012 | INFO | METRIC training_start=1
2025-04-09 01:20:47,305 | INFO | TradingLogger initialized
2025-04-09 01:20:47,339 | INFO | METRIC training_start=1
